
Started GET /api/v1/posts for :: ::1 at Sat Mar 09 2024 13:32:00 GMT-0300 (hora de verano de Chile)
  Parameters in body: {}
Completed: 200 message:  Time response: 14 ms Request ID: [07886a20-b46a-4802-963a-932e44abf5ad]

Started GET /api/v1/posts for :: ::1 at Sat Mar 09 2024 13:32:00 GMT-0300 (hora de verano de Chile)
  Parameters in body: {}
Completed: 304 message:  Time response: 3 ms Request ID: [01303d9c-1e5c-4c8c-b386-b915a808a39f]

Started GET /api/v1/posts for :: ::1 at Sat Mar 09 2024 13:34:05 GMT-0300 (hora de verano de Chile)
  Parameters in body: {}
Completed: 200 message:  Time response: 8 ms Request ID: [66510310-950c-4807-8fc8-6e4b999fe707]

Started GET /api/v1/posts for :: ::1 at Sat Mar 09 2024 13:34:05 GMT-0300 (hora de verano de Chile)
  Parameters in body: {}
Completed: 304 message:  Time response: 3 ms Request ID: [280d83dd-d559-4f2a-9193-b678cbfd0c1f]

Started GET /api/v1/posts for :: ::1 at Sat Mar 09 2024 13:34:20 GMT-0300 (hora de verano de Chile)
  Parameters in body: {}
Started GET /api/v1/posts for :: ::1 at Sat Mar 09 2024 13:34:20 GMT-0300 (hora de verano de Chile)
  Parameters in body: {}
Completed: 200 message:  Time response: 11 ms Request ID: [130283d4-0f5b-4b23-8f81-5ffcb4945156]

Completed: 304 message:  Time response: 3 ms Request ID: [97efa0b2-58e3-4a2b-aef0-28a975c47415]

Started GET /api/v1/posts for :: ::1 at Sat Mar 09 2024 13:35:21 GMT-0300 (hora de verano de Chile)
  Parameters in body: {}
Completed: 200 message:  Time response: 30 ms Request ID: [124dab16-7fcc-4ccc-8adc-c1d810b41114]

Started GET /api/v1/posts for :: ::1 at Sat Mar 09 2024 13:35:40 GMT-0300 (hora de verano de Chile)
  Parameters in body: {}
Started GET /api/v1/posts for :: ::1 at Sat Mar 09 2024 13:35:40 GMT-0300 (hora de verano de Chile)
  Parameters in body: {}
Completed: 200 message:  Time response: 8 ms Request ID: [2810c13b-5e79-47b5-8803-9ae437e26764]

Completed: 304 message:  Time response: 3 ms Request ID: [cedfdae2-69a1-48b4-a620-fa414f5ef23f]

Started GET /api/v1/posts for :: ::1 at Sat Mar 09 2024 13:35:45 GMT-0300 (hora de verano de Chile)
  Parameters in body: {}
Started GET /api/v1/posts for :: ::1 at Sat Mar 09 2024 13:35:45 GMT-0300 (hora de verano de Chile)
  Parameters in body: {}
Completed: 200 message:  Time response: 8 ms Request ID: [15327a71-aecd-467d-a366-5dc322fcba12]

Completed: 304 message:  Time response: 2 ms Request ID: [9f56aea0-3394-45c8-ba2d-06b8c10fb2d1]

Started GET /api/v1/posts for :: ::1 at Sat Mar 09 2024 13:36:18 GMT-0300 (hora de verano de Chile)
  Parameters in body: {}
Completed: 304 message:  Time response: 141 ms Request ID: [36904836-3558-4876-a763-ee0d155e3f28]

Started GET /api/v1/posts for :: ::1 at Sat Mar 09 2024 13:36:18 GMT-0300 (hora de verano de Chile)
  Parameters in body: {}
Completed: 304 message:  Time response: 2 ms Request ID: [1d53dc5f-602f-4b8f-81d1-a804c72465cf]

Started GET /api/v1/posts for :: ::1 at Sat Mar 09 2024 13:47:25 GMT-0300 (hora de verano de Chile)
  Parameters in body: {}
Completed: 304 message:  Time response: 40 ms Request ID: [67e89a13-c3f5-4cf3-8c7e-37898d48332e]

Started GET /api/v1/posts for :: ::1 at Sat Mar 09 2024 13:47:25 GMT-0300 (hora de verano de Chile)
  Parameters in body: {}
Completed: 304 message:  Time response: 3 ms Request ID: [44d7b934-a9b0-4575-bdb3-4c68b52c70bd]

Started POST /api/v1/posts for :: ::1 at Sat Mar 09 2024 13:49:01 GMT-0300 (hora de verano de Chile)
  Parameters in body: {"titulo":"2Pac","img":"https://resources.tidal.com/images/58cb2c48/ea88/4ffe/9847/822e0e4017e4/750x750.jpg","descripcion":"Tupac Amaru Shakur, conocido como 2Pac o Makaveli, fue un rapero estadounidense. Es considerado por muchos como uno de los raperos más importantes de todos los tiempos, y más influyentes de la historia del rap."}
Completed: 201 message:  Time response: 29 ms Request ID: [24e8fc9f-da7a-4c95-8dce-c65e5303b42f]

Started GET /api/v1/posts for :: ::1 at Sat Mar 09 2024 13:49:01 GMT-0300 (hora de verano de Chile)
  Parameters in body: {}
Completed: 200 message:  Time response: 2 ms Request ID: [4292986a-1738-4fc1-b46c-5f1fb4d9c084]

Started PUT /api/v1/posts/like/235 for :: ::1 at Sat Mar 09 2024 13:49:21 GMT-0300 (hora de verano de Chile)
  Parameters in body: {}
Completed: 404 message:  Time response: 5 ms Request ID: [b303f5c2-f46f-4cf8-8ebd-9971f57d3e9b]

Started DELETE /api/v1/posts/234 for :: ::1 at Sat Mar 09 2024 13:49:36 GMT-0300 (hora de verano de Chile)
  Parameters in body: {}
Completed: 404 message:  Time response: 2 ms Request ID: [76ead5be-27d5-4847-8bc2-8bdcb3565b03]

Started GET /api/v1/posts for :: ::1 at Sat Mar 09 2024 14:03:00 GMT-0300 (hora de verano de Chile)
  Parameters in body: {}
Started GET /api/v1/posts for :: ::1 at Sat Mar 09 2024 14:03:00 GMT-0300 (hora de verano de Chile)
  Parameters in body: {}
Completed: 200 message:  Time response: 34 ms Request ID: [8899ff15-a90e-441c-ab77-73d981da944c]

Completed: 304 message:  Time response: 2 ms Request ID: [48100aea-add2-4071-812c-02ce0d57f867]

Started POST /api/v1/posts for :: ::1 at Sat Mar 09 2024 14:04:18 GMT-0300 (hora de verano de Chile)
  Parameters in body: {"titulo":"2pac","img":"https://img.redbull.com/images/c_crop,x_961,y_0,h_2371,w_1778/c_fill,w_450,h_600/q_auto:low,f_auto/redbullcom/2020/6/30/oyjez2losqokelgpcrry/tupac-2pac","descripcion":"rapero"}
Completed: 201 message:  Time response: 8 ms Request ID: [ffdaacd6-a874-41b6-a8bc-1addfa3356e1]

Started GET /api/v1/posts for :: ::1 at Sat Mar 09 2024 14:04:18 GMT-0300 (hora de verano de Chile)
  Parameters in body: {}
Completed: 200 message:  Time response: 26 ms Request ID: [c3b77bcc-a495-48e6-862d-be134cda2913]

Started GET /api/v1/posts for :: ::1 at Sat Mar 09 2024 14:04:21 GMT-0300 (hora de verano de Chile)
  Parameters in body: {}
Completed: 304 message:  Time response: 2 ms Request ID: [72d3836c-bae7-4dac-9fcf-b3a86a7d8817]

Started GET /api/v1/posts for :: ::1 at Sat Mar 09 2024 14:04:21 GMT-0300 (hora de verano de Chile)
  Parameters in body: {}
Completed: 304 message:  Time response: 2 ms Request ID: [07781b63-8409-4995-92da-7dc95b0d77d5]

Started POST /api/v1/posts for :: ::1 at Sat Mar 09 2024 14:04:23 GMT-0300 (hora de verano de Chile)
  Parameters in body: {"titulo":"","img":"","descripcion":""}
Completed: 201 message:  Time response: 6 ms Request ID: [13560e4b-2d56-481e-8ae7-7fb506f79948]

Started GET /api/v1/posts for :: ::1 at Sat Mar 09 2024 14:04:23 GMT-0300 (hora de verano de Chile)
  Parameters in body: {}
Completed: 200 message:  Time response: 26 ms Request ID: [2a364116-93f4-4d4e-95b7-4a85964ecb5f]

Started GET /api/v1/posts for :: ::1 at Sat Mar 09 2024 14:04:29 GMT-0300 (hora de verano de Chile)
  Parameters in body: {}
Started GET /api/v1/posts for :: ::1 at Sat Mar 09 2024 14:04:29 GMT-0300 (hora de verano de Chile)
  Parameters in body: {}
Completed: 304 message:  Time response: 2 ms Request ID: [ae966786-10ec-4628-a434-ae0a18b46a9a]

Completed: 304 message:  Time response: 2 ms Request ID: [4e4ce796-2a45-4481-b27f-2d1c7aab0ff0]

Started GET /api/v1/posts for :: ::1 at Sat Mar 09 2024 14:04:51 GMT-0300 (hora de verano de Chile)
  Parameters in body: {}
Completed: 304 message:  Time response: 27 ms Request ID: [87d3bf5b-e6e9-4fd7-9fb6-b63e0087f788]

Started GET /api/v1/posts for :: ::1 at Sat Mar 09 2024 14:04:51 GMT-0300 (hora de verano de Chile)
  Parameters in body: {}
Completed: 304 message:  Time response: 2 ms Request ID: [bf159aca-d1b4-4a11-b0a7-1b1815af1b16]

Started POST /api/v1/posts for :: ::1 at Sat Mar 09 2024 14:05:00 GMT-0300 (hora de verano de Chile)
  Parameters in body: {"titulo":"2pac","img":"https://img.redbull.com/images/c_crop,x_961,y_0,h_2371,w_1778/c_fill,w_450,h_600/q_auto:low,f_auto/redbullcom/2020/6/30/oyjez2losqokelgpcrry/tupac-2pac","descripcion":"rapper"}
Completed: 201 message:  Time response: 8 ms Request ID: [1a9aec44-33e7-48d8-a358-75015b0ae7f4]

Started GET /api/v1/posts for :: ::1 at Sat Mar 09 2024 14:05:00 GMT-0300 (hora de verano de Chile)
  Parameters in body: {}
Completed: 200 message:  Time response: 31 ms Request ID: [5508ccd7-16bd-4f08-b299-72a4f9842fa5]

Started POST /api/v1/posts for :: ::1 at Sat Mar 09 2024 14:05:15 GMT-0300 (hora de verano de Chile)
  Parameters in body: {"titulo":"2pac","img":"https://img.redbull.com/images/c_crop,x_961,y_0,h_2371,w_1778/c_fill,w_450,h_600/q_auto:low,f_auto/redbullcom/2020/6/30/oyjez2losqokelgpcrry/tupac-2pac","descripcion":"rapper"}
Completed: 201 message:  Time response: 5 ms Request ID: [a68a74a6-c3c5-44ce-b8df-7e60e614a326]

Started GET /api/v1/posts for :: ::1 at Sat Mar 09 2024 14:05:15 GMT-0300 (hora de verano de Chile)
  Parameters in body: {}
Completed: 200 message:  Time response: 2 ms Request ID: [16178231-966c-4731-9d25-e88fccb85ec9]

Started GET /api/v1/posts for :: ::1 at Sat Mar 09 2024 14:05:25 GMT-0300 (hora de verano de Chile)
  Parameters in body: {}
Completed: 200 message:  Time response: 38 ms Request ID: [5887dd70-8aec-4a90-80b6-2e8031f87d7f]

Started GET /api/v1/posts for :: ::1 at Sat Mar 09 2024 14:05:25 GMT-0300 (hora de verano de Chile)
  Parameters in body: {}
Completed: 304 message:  Time response: 3 ms Request ID: [63d69cdc-0b87-4246-b1d4-231f7c67aacf]

Started POST /api/v1/posts for :: ::1 at Sat Mar 09 2024 14:05:41 GMT-0300 (hora de verano de Chile)
  Parameters in body: {"titulo":"2pac","img":"https://img.redbull.com/images/c_crop,x_961,y_0,h_2371,w_1778/c_fill,w_450,h_600/q_auto:low,f_auto/redbullcom/2020/6/30/oyjez2losqokelgpcrry/tupac-2pac","descripcion":"Rapper"}
Completed: 201 message:  Time response: 5 ms Request ID: [4aa4c762-2cd6-4448-880d-ce77a0a84ab3]

Started GET /api/v1/posts for :: ::1 at Sat Mar 09 2024 14:05:41 GMT-0300 (hora de verano de Chile)
  Parameters in body: {}
Completed: 200 message:  Time response: 2 ms Request ID: [98e20e2b-5b18-427e-9058-12a03626967d]

Started PUT /api/v1/posts/like/237 for :: ::1 at Sat Mar 09 2024 14:05:44 GMT-0300 (hora de verano de Chile)
  Parameters in body: {}
Completed: 404 message:  Time response: 2 ms Request ID: [4b6306bd-df9b-48e5-9a8c-0c3f75aba29e]

Started PUT /api/v1/posts/like/237 for :: ::1 at Sat Mar 09 2024 14:13:54 GMT-0300 (hora de verano de Chile)
  Parameters in body: {}
Completed: 404 message:  Time response: 3 ms Request ID: [35f9257d-8412-4af8-b6bb-8c002bb84711]

Started PUT /api/v1/posts/like/237 for :: ::1 at Sat Mar 09 2024 14:13:59 GMT-0300 (hora de verano de Chile)
  Parameters in body: {}
Completed: 404 message:  Time response: 2 ms Request ID: [b04d4320-9957-4be5-82f4-f7640035aab9]

Started PUT /api/v1/posts/like/237 for :: ::1 at Sat Mar 09 2024 14:14:00 GMT-0300 (hora de verano de Chile)
  Parameters in body: {}
Completed: 404 message:  Time response: 3 ms Request ID: [6e13b241-2997-49fc-997f-9c9842784049]

Started POST /api/v1/posts for :: ::1 at Sat Mar 09 2024 14:15:25 GMT-0300 (hora de verano de Chile)
  Parameters in body: {"titulo":"2pac","img":"https://img.redbull.com/images/c_crop,x_961,y_0,h_2371,w_1778/c_fill,w_450,h_600/q_auto:low,f_auto/redbullcom/2020/6/30/oyjez2losqokelgpcrry/tupac-2pac","descripcion":"Rapper"}
Completed: 201 message:  Time response: 35 ms Request ID: [b21b8045-bdad-4388-86c2-976cd990395e]

Started GET /api/v1/posts for :: ::1 at Sat Mar 09 2024 14:15:25 GMT-0300 (hora de verano de Chile)
  Parameters in body: {}
Completed: 200 message:  Time response: 6 ms Request ID: [107a6278-a902-47c4-a2fa-6341372e23bf]

Started PUT /api/v1/posts/like/238 for :: ::1 at Sat Mar 09 2024 14:15:27 GMT-0300 (hora de verano de Chile)
  Parameters in body: {}
Completed: 404 message:  Time response: 6 ms Request ID: [69f72d2d-bc4a-41cc-9e32-ac5afd042993]

Started PUT /api/v1/posts/like/238 for :: ::1 at Sat Mar 09 2024 14:15:32 GMT-0300 (hora de verano de Chile)
  Parameters in body: {}
Completed: 404 message:  Time response: 3 ms Request ID: [86bf4458-404c-4832-bd1b-0fa4beaa2dc2]

Started PUT /api/v1/posts/like/238 for :: ::1 at Sat Mar 09 2024 14:16:42 GMT-0300 (hora de verano de Chile)
  Parameters in body: {}
Completed: 404 message:  Time response: 3 ms Request ID: [2507cde2-56c6-4d1d-b950-5c46a7f3fc05]

Started GET /api/v1/posts for :: ::1 at Sat Mar 09 2024 15:54:11 GMT-0300 (hora de verano de Chile)
  Parameters in body: {}
Completed: 304 message:  Time response: 37 ms Request ID: [14bf65d8-76a6-4832-9535-ebf23fde8f8a]

Started GET /api/v1/posts for :: ::1 at Sat Mar 09 2024 15:54:11 GMT-0300 (hora de verano de Chile)
  Parameters in body: {}
Completed: 304 message:  Time response: 5 ms Request ID: [58c19f5f-9c1e-408e-ade8-a9f12ed95552]

Started GET /api/v1/posts for :: ::1 at Sat Mar 09 2024 15:54:13 GMT-0300 (hora de verano de Chile)
  Parameters in body: {}
Completed: 304 message:  Time response: 3 ms Request ID: [24678848-af41-43ac-9f6e-3507212de44b]

Started GET /api/v1/posts for :: ::1 at Sat Mar 09 2024 15:54:13 GMT-0300 (hora de verano de Chile)
  Parameters in body: {}
Completed: 304 message:  Time response: 3 ms Request ID: [559e24e0-83df-4c06-beb2-77aaf59c2175]

Started GET /api/v1/posts for :: ::1 at Sat Mar 09 2024 15:59:16 GMT-0300 (hora de verano de Chile)
  Parameters in body: {}
Completed: 304 message:  Time response: 33 ms Request ID: [0396bd97-4c1e-4c2a-9b2c-082ca0c5c925]

Started GET /api/v1/posts for :: ::1 at Sat Mar 09 2024 15:59:16 GMT-0300 (hora de verano de Chile)
  Parameters in body: {}
Completed: 304 message:  Time response: 2 ms Request ID: [c2ed6d2a-f002-4ba2-bd8c-1cc37635b503]

Started PUT /api/v1/posts/like/238 for :: ::1 at Sat Mar 09 2024 15:59:19 GMT-0300 (hora de verano de Chile)
  Parameters in body: {}
Completed: 404 message:  Time response: 3 ms Request ID: [30e6a644-6c61-4989-899f-8b5f69509bdb]

Started PUT /api/v1/posts/like/238 for :: ::1 at Sat Mar 09 2024 16:00:40 GMT-0300 (hora de verano de Chile)
  Parameters in body: {}
Completed: 404 message:  Time response: 5 ms Request ID: [3bcbc033-b5a4-463c-a414-0a88b7701d09]

Started PUT /api/v1/posts/like/238 for :: ::1 at Sat Mar 09 2024 16:01:29 GMT-0300 (hora de verano de Chile)
  Parameters in body: {}
Completed: 404 message:  Time response: 3 ms Request ID: [9f94e03a-2c38-4e4c-bec5-9291c3f1fc93]

Started GET /api/v1/posts for :: ::1 at Sat Mar 09 2024 16:01:31 GMT-0300 (hora de verano de Chile)
  Parameters in body: {}
Completed: 304 message:  Time response: 5 ms Request ID: [581e6f79-5a48-4375-848a-20b8e52562a3]

Started GET /api/v1/posts for :: ::1 at Sat Mar 09 2024 16:01:31 GMT-0300 (hora de verano de Chile)
  Parameters in body: {}
Completed: 304 message:  Time response: 2 ms Request ID: [2e62164f-a3a2-49d1-8057-3c387b0c4db7]

Started PUT /api/v1/posts/like/238 for :: ::1 at Sat Mar 09 2024 16:01:32 GMT-0300 (hora de verano de Chile)
  Parameters in body: {}
Completed: 404 message:  Time response: 2 ms Request ID: [9e394c75-b12b-4f77-8d69-13d065cbda32]

Started GET /api/v1/posts for :: ::1 at Sat Mar 09 2024 16:04:21 GMT-0300 (hora de verano de Chile)
  Parameters in body: {}
Completed: 304 message:  Time response: 29 ms Request ID: [239b68cd-ae04-456a-b917-921fcb061247]

Started GET /api/v1/posts for :: ::1 at Sat Mar 09 2024 16:04:21 GMT-0300 (hora de verano de Chile)
  Parameters in body: {}
Completed: 304 message:  Time response: 3 ms Request ID: [925a11d1-17ca-4f9f-91c5-7c7da1518586]

Started PUT /api/v1/posts/like/238 for :: ::1 at Sat Mar 09 2024 16:04:23 GMT-0300 (hora de verano de Chile)
  Parameters in body: {}
Completed: 404 message:  Time response: 3 ms Request ID: [0983ea23-e70f-4d74-9580-23103161da2d]

Started GET /posts for :: ::ffff:127.0.0.1 at Sat Mar 09 2024 16:05:07 GMT-0300 (hora de verano de Chile)
  Parameters in body: {}
Completed: 404 message:  Time response: 1 ms Request ID: [b6a3549e-0f29-46ff-a1b6-8600ba0b8158]

Started GET /api/v1/posts for :: ::1 at Sat Mar 09 2024 16:06:04 GMT-0300 (hora de verano de Chile)
  Parameters in body: {}
Completed: 304 message:  Time response: 40 ms Request ID: [58346ef3-0546-4e25-9a2e-d975f08530b6]

Started GET /api/v1/posts for :: ::1 at Sat Mar 09 2024 16:06:04 GMT-0300 (hora de verano de Chile)
  Parameters in body: {}
Completed: 304 message:  Time response: 2 ms Request ID: [6ac782ce-b6f7-4580-bbc2-d61e53f435fb]

Started GET /posts for :: ::ffff:127.0.0.1 at Sat Mar 09 2024 16:06:36 GMT-0300 (hora de verano de Chile)
  Parameters in body: {}
Completed: 404 message:  Time response: 5 ms Request ID: [607eaa36-5806-46e0-b429-fa72b9c33eff]

Started GET /api/v1/posts for :: ::1 at Sat Mar 09 2024 16:23:04 GMT-0300 (hora de verano de Chile)
  Parameters in body: {}
Completed: 304 message:  Time response: 28 ms Request ID: [a0231ce8-1151-4e03-baef-38c2096f690d]

Started GET /api/v1/posts for :: ::1 at Sat Mar 09 2024 16:23:04 GMT-0300 (hora de verano de Chile)
  Parameters in body: {}
Completed: 304 message:  Time response: 2 ms Request ID: [314ccdcc-48ab-400a-bddb-1f98b5005f68]

Started PUT /api/v1/posts/like/238 for :: ::1 at Sat Mar 09 2024 16:23:06 GMT-0300 (hora de verano de Chile)
  Parameters in body: {}
Completed: 404 message:  Time response: 2 ms Request ID: [67c1f430-2326-4769-ae66-6993932b8275]

Started PUT /api/v1/posts/like/238 for :: ::1 at Sat Mar 09 2024 16:23:07 GMT-0300 (hora de verano de Chile)
  Parameters in body: {}
Completed: 404 message:  Time response: 3 ms Request ID: [a823c7a8-df3b-4900-b344-212772dd27a1]

Started PUT /api/v1/posts/like/238 for :: ::1 at Sat Mar 09 2024 16:23:08 GMT-0300 (hora de verano de Chile)
  Parameters in body: {}
Completed: 404 message:  Time response: 2 ms Request ID: [4662239e-0ce2-4d3d-908a-537c3ba50b32]

Started PUT /api/v1/posts/like/238 for :: ::1 at Sat Mar 09 2024 16:24:13 GMT-0300 (hora de verano de Chile)
  Parameters in body: {}
Completed: 200 message:  Time response: 5 ms Request ID: [59c2b59a-3771-4b27-b341-25ad54a56f62]

Started GET /api/v1/posts for :: ::1 at Sat Mar 09 2024 16:24:13 GMT-0300 (hora de verano de Chile)
  Parameters in body: {}
Completed: 304 message:  Time response: 3 ms Request ID: [3dc315d7-c417-4bbc-920f-476dd326c08f]

Started PUT /api/v1/posts/like/238 for :: ::1 at Sat Mar 09 2024 16:24:16 GMT-0300 (hora de verano de Chile)
  Parameters in body: {}
Completed: 200 message:  Time response: 3 ms Request ID: [a87d83ca-6920-4087-9c97-3bdb08195efa]

Started GET /api/v1/posts for :: ::1 at Sat Mar 09 2024 16:24:16 GMT-0300 (hora de verano de Chile)
  Parameters in body: {}
Completed: 304 message:  Time response: 2 ms Request ID: [1ac848d4-19fb-49f5-a7ba-9cfc35a252f6]

Started GET /api/v1/posts for :: ::1 at Sat Mar 09 2024 16:25:40 GMT-0300 (hora de verano de Chile)
  Parameters in body: {}
Completed: 200 message:  Time response: 29 ms Request ID: [d7ac4613-4e72-400b-9b46-9bf07d269499]

Started GET /api/v1/posts for :: ::1 at Sat Mar 09 2024 16:25:40 GMT-0300 (hora de verano de Chile)
  Parameters in body: {}
Completed: 304 message:  Time response: 1 ms Request ID: [3cb65135-691c-4672-8052-f6cc20c794b0]

Started PUT /api/v1/posts/like/238 for :: ::1 at Sat Mar 09 2024 16:25:42 GMT-0300 (hora de verano de Chile)
  Parameters in body: {}
Completed: 200 message:  Time response: 3 ms Request ID: [c94c76a1-1033-4ff4-958c-8e90ef1878cd]

Started GET /api/v1/posts for :: ::1 at Sat Mar 09 2024 16:25:42 GMT-0300 (hora de verano de Chile)
  Parameters in body: {}
Completed: 304 message:  Time response: 2 ms Request ID: [6236a7f0-17a5-4017-be7d-6f8000b1bbca]

Started PUT /posts/like/238 for :: ::ffff:127.0.0.1 at Sat Mar 09 2024 16:26:01 GMT-0300 (hora de verano de Chile)
  Parameters in body: {}
Completed: 404 message:  Time response: 2 ms Request ID: [9b62a121-8d32-4a7d-96b7-668ba22e913a]

Started GET /api/v1/posts for :: ::1 at Sat Mar 09 2024 16:26:26 GMT-0300 (hora de verano de Chile)
  Parameters in body: {}
Started GET /api/v1/posts for :: ::1 at Sat Mar 09 2024 16:26:26 GMT-0300 (hora de verano de Chile)
  Parameters in body: {}
Completed: 200 message:  Time response: 39 ms Request ID: [ce5b02b4-2de6-431e-841b-fa95bae7220d]

Completed: 304 message:  Time response: 3 ms Request ID: [8ca50307-a86b-4536-b970-abd8f0f627ab]

Started PUT /api/v1/posts/like/238 for :: ::1 at Sat Mar 09 2024 16:26:30 GMT-0300 (hora de verano de Chile)
  Parameters in body: {}
Completed: 200 message:  Time response: 3 ms Request ID: [e1030656-93c1-45d1-a50e-be8db5a9e672]

Started GET /api/v1/posts for :: ::1 at Sat Mar 09 2024 16:26:30 GMT-0300 (hora de verano de Chile)
  Parameters in body: {}
Completed: 304 message:  Time response: 2 ms Request ID: [c6604394-c868-4933-a13f-17da660e599f]

Started PUT /api/v1/posts/like/238 for :: ::1 at Sat Mar 09 2024 16:28:00 GMT-0300 (hora de verano de Chile)
  Parameters in body: {}
Completed: 200 message:  Time response: 5 ms Request ID: [bdccf14b-cee4-4337-a3d1-49edac82a5e1]

Started GET /api/v1/posts for :: ::1 at Sat Mar 09 2024 16:28:00 GMT-0300 (hora de verano de Chile)
  Parameters in body: {}
Completed: 304 message:  Time response: 3 ms Request ID: [86db7995-9987-4fe4-91a1-cca7044412e9]

Started PUT /api/v1/posts/like/238 for :: ::1 at Sat Mar 09 2024 16:28:07 GMT-0300 (hora de verano de Chile)
  Parameters in body: {}
Completed: 200 message:  Time response: 3 ms Request ID: [a622f0c3-03b5-4448-8a34-bf7fb595aa13]

Started GET /api/v1/posts for :: ::1 at Sat Mar 09 2024 16:28:07 GMT-0300 (hora de verano de Chile)
  Parameters in body: {}
Completed: 304 message:  Time response: 2 ms Request ID: [6a5eb599-7441-4aa4-866f-832e153c4ade]

Started PUT /api/v1/posts/like/238 for :: ::1 at Sat Mar 09 2024 16:28:13 GMT-0300 (hora de verano de Chile)
  Parameters in body: {}
Completed: 200 message:  Time response: 4 ms Request ID: [cc96d901-817e-44ad-bb4d-eac899e050f9]

Started GET /api/v1/posts for :: ::1 at Sat Mar 09 2024 16:28:13 GMT-0300 (hora de verano de Chile)
  Parameters in body: {}
Completed: 304 message:  Time response: 2 ms Request ID: [f931e3fb-97c8-4c35-8afd-4b58ed319b63]

Started PUT /api/v1/posts/like/238 for :: ::1 at Sat Mar 09 2024 16:35:13 GMT-0300 (hora de verano de Chile)
  Parameters in body: {}
Completed: 200 message:  Time response: 6 ms Request ID: [b5530def-703f-4192-a0a4-8f6a5a90289a]

Started GET /api/v1/posts for :: ::1 at Sat Mar 09 2024 16:35:13 GMT-0300 (hora de verano de Chile)
  Parameters in body: {}
Completed: 304 message:  Time response: 2 ms Request ID: [14f40c1d-8561-47f2-b2b2-2dac6bd96bd9]

Started PUT /api/v1/posts/like/238 for :: ::1 at Sat Mar 09 2024 16:35:24 GMT-0300 (hora de verano de Chile)
  Parameters in body: {}
Completed: 200 message:  Time response: 30 ms Request ID: [71c55bb6-f408-4797-bf98-155d8b1811cb]

Started GET /api/v1/posts for :: ::1 at Sat Mar 09 2024 16:35:24 GMT-0300 (hora de verano de Chile)
  Parameters in body: {}
Completed: 304 message:  Time response: 2 ms Request ID: [786c1ed4-b54c-4e72-b9bf-859452380448]

Started PUT /api/v1/posts/like/238 for :: ::1 at Sat Mar 09 2024 16:36:47 GMT-0300 (hora de verano de Chile)
  Parameters in body: {}
Completed: 200 message:  Time response: 35 ms Request ID: [c2ac016c-a54d-42fe-9e23-11d6ed01f7b7]

Started GET /api/v1/posts for :: ::1 at Sat Mar 09 2024 16:36:47 GMT-0300 (hora de verano de Chile)
  Parameters in body: {}
Completed: 304 message:  Time response: 2 ms Request ID: [768d9727-db69-460c-8744-4b584a741012]

Started PUT /api/v1/posts/like/238 for :: ::1 at Sat Mar 09 2024 16:37:49 GMT-0300 (hora de verano de Chile)
  Parameters in body: {}
Completed: 200 message:  Time response: 7 ms Request ID: [1fe2f723-8f68-4428-87c2-dbd315d10aa9]

Started GET /api/v1/posts for :: ::1 at Sat Mar 09 2024 16:37:49 GMT-0300 (hora de verano de Chile)
  Parameters in body: {}
Completed: 304 message:  Time response: 2 ms Request ID: [f0e62e37-8d3f-4aa6-b89e-f3c5f7da2211]

Started PUT /api/v1/posts/like/238 for :: ::1 at Sat Mar 09 2024 16:40:07 GMT-0300 (hora de verano de Chile)
  Parameters in body: {}
Completed: 200 message:  Time response: 5 ms Request ID: [da85655a-025a-4981-8140-f19cd39055ed]

Started GET /api/v1/posts for :: ::1 at Sat Mar 09 2024 16:40:07 GMT-0300 (hora de verano de Chile)
  Parameters in body: {}
Completed: 200 message:  Time response: 2 ms Request ID: [f51a6d29-b78c-404a-90e2-04ecbe8e064e]

Started PUT /api/v1/posts/like/238 for :: ::1 at Sat Mar 09 2024 16:40:09 GMT-0300 (hora de verano de Chile)
  Parameters in body: {}
Completed: 200 message:  Time response: 3 ms Request ID: [6f33da4a-1a78-46d6-8b9a-01ad341746a5]

Started GET /api/v1/posts for :: ::1 at Sat Mar 09 2024 16:40:09 GMT-0300 (hora de verano de Chile)
  Parameters in body: {}
Completed: 200 message:  Time response: 2 ms Request ID: [ed7559f3-3025-4fe5-938a-3ae07335405f]

Started PUT /api/v1/posts/like/238 for :: ::1 at Sat Mar 09 2024 16:40:11 GMT-0300 (hora de verano de Chile)
  Parameters in body: {}
Completed: 200 message:  Time response: 9 ms Request ID: [cb3f59c5-f56c-4f7d-8525-ba9664da48f3]

Started GET /api/v1/posts for :: ::1 at Sat Mar 09 2024 16:40:11 GMT-0300 (hora de verano de Chile)
  Parameters in body: {}
Completed: 200 message:  Time response: 2 ms Request ID: [8b337536-f817-438b-9ec2-6169e588e2aa]

Started PUT /api/v1/posts/like/238 for :: ::1 at Sat Mar 09 2024 16:40:12 GMT-0300 (hora de verano de Chile)
  Parameters in body: {}
Completed: 200 message:  Time response: 3 ms Request ID: [30fdd8dd-9360-44a4-9123-82725939530f]

Started GET /api/v1/posts for :: ::1 at Sat Mar 09 2024 16:40:12 GMT-0300 (hora de verano de Chile)
  Parameters in body: {}
Completed: 200 message:  Time response: 2 ms Request ID: [236333b0-8b0e-4936-85ff-423cd9cd1ca7]

Started GET /api/v1/posts for :: ::1 at Sat Mar 09 2024 16:40:13 GMT-0300 (hora de verano de Chile)
  Parameters in body: {}
Completed: 304 message:  Time response: 3 ms Request ID: [57c2a909-dd57-4028-b225-7c5e67cb7fda]

Started GET /api/v1/posts for :: ::1 at Sat Mar 09 2024 16:40:13 GMT-0300 (hora de verano de Chile)
  Parameters in body: {}
Completed: 304 message:  Time response: 3 ms Request ID: [9444d732-dc0d-4549-acdc-c033094163e9]

Started PUT /api/v1/posts/like/237 for :: ::1 at Sat Mar 09 2024 16:40:15 GMT-0300 (hora de verano de Chile)
  Parameters in body: {}
Completed: 200 message:  Time response: 4 ms Request ID: [6c2b9795-00b2-46c8-9c6a-c8aa75e48a2f]

Started GET /api/v1/posts for :: ::1 at Sat Mar 09 2024 16:40:15 GMT-0300 (hora de verano de Chile)
  Parameters in body: {}
Completed: 304 message:  Time response: 3 ms Request ID: [76a7b682-b62e-46dd-8560-4dc0d6bdd416]

Started PUT /api/v1/posts/like/238 for :: ::1 at Sat Mar 09 2024 16:40:18 GMT-0300 (hora de verano de Chile)
  Parameters in body: {}
Completed: 200 message:  Time response: 10 ms Request ID: [9d2e4c28-f25f-4562-ac82-20209301c70c]

Started GET /api/v1/posts for :: ::1 at Sat Mar 09 2024 16:40:18 GMT-0300 (hora de verano de Chile)
  Parameters in body: {}
Completed: 200 message:  Time response: 2 ms Request ID: [5c54b5a8-dbd9-4c6f-97ad-d9de9d60ca81]

Started PUT /api/v1/posts/like/238 for :: ::1 at Sat Mar 09 2024 16:41:04 GMT-0300 (hora de verano de Chile)
  Parameters in body: {}
Completed: 200 message:  Time response: 5 ms Request ID: [acef07c7-858a-43a0-8320-e9807ca2b092]

Started GET /api/v1/posts for :: ::1 at Sat Mar 09 2024 16:41:04 GMT-0300 (hora de verano de Chile)
  Parameters in body: {}
Completed: 200 message:  Time response: 2 ms Request ID: [7aee223e-bb35-4fcd-9fd3-2853ac46abc3]

Started PUT /api/v1/posts/like/238 for :: ::1 at Sat Mar 09 2024 16:41:05 GMT-0300 (hora de verano de Chile)
  Parameters in body: {}
Completed: 200 message:  Time response: 8 ms Request ID: [1fd6fbe4-f71b-460c-94cb-189b2d1935b4]

Started GET /api/v1/posts for :: ::1 at Sat Mar 09 2024 16:41:05 GMT-0300 (hora de verano de Chile)
  Parameters in body: {}
Completed: 200 message:  Time response: 2 ms Request ID: [f89bacf1-4d44-4e6e-8cc9-9980b69af9b7]

Started PUT /api/v1/posts/like/238 for :: ::1 at Sat Mar 09 2024 16:41:29 GMT-0300 (hora de verano de Chile)
  Parameters in body: {}
Completed: 200 message:  Time response: 29 ms Request ID: [1f910b1c-039e-49d5-8f51-8e135a297180]

Started GET /api/v1/posts for :: ::1 at Sat Mar 09 2024 16:41:29 GMT-0300 (hora de verano de Chile)
  Parameters in body: {}
Completed: 200 message:  Time response: 2 ms Request ID: [012385e8-2018-473c-9ebe-4d501db9143e]

Started PUT /api/v1/posts/like/238 for :: ::1 at Sat Mar 09 2024 16:41:38 GMT-0300 (hora de verano de Chile)
  Parameters in body: {}
Completed: 200 message:  Time response: 5 ms Request ID: [ed09026a-da54-41e6-a847-e3dc8c969d5c]

Started GET /api/v1/posts for :: ::1 at Sat Mar 09 2024 16:41:38 GMT-0300 (hora de verano de Chile)
  Parameters in body: {}
Completed: 200 message:  Time response: 3 ms Request ID: [71cdb156-f01b-4978-b123-c6362027d08a]

Started PUT /api/v1/posts/like/238 for :: ::1 at Sat Mar 09 2024 16:41:49 GMT-0300 (hora de verano de Chile)
  Parameters in body: {}
Completed: 200 message:  Time response: 4 ms Request ID: [67f7e69d-607f-454a-acfd-dd9ba3d7d5f4]

Started GET /api/v1/posts for :: ::1 at Sat Mar 09 2024 16:41:49 GMT-0300 (hora de verano de Chile)
  Parameters in body: {}
Completed: 200 message:  Time response: 2 ms Request ID: [71999637-6206-483a-9d2d-f114ec19ef0d]

Started PUT /api/v1/posts/like/238 for :: ::1 at Sat Mar 09 2024 16:41:51 GMT-0300 (hora de verano de Chile)
  Parameters in body: {}
Completed: 200 message:  Time response: 3 ms Request ID: [221a87fb-7105-4020-a4f3-64dfe112896d]

Started GET /api/v1/posts for :: ::1 at Sat Mar 09 2024 16:41:51 GMT-0300 (hora de verano de Chile)
  Parameters in body: {}
Completed: 200 message:  Time response: 2 ms Request ID: [a4c60d84-ebbb-46ef-a7ab-b02ed810dbec]

Started PUT /api/v1/posts/like/238 for :: ::1 at Sat Mar 09 2024 16:41:52 GMT-0300 (hora de verano de Chile)
  Parameters in body: {}
Completed: 200 message:  Time response: 3 ms Request ID: [c798c5d7-6f0f-4cec-ba67-0623fefcf12d]

Started GET /api/v1/posts for :: ::1 at Sat Mar 09 2024 16:41:52 GMT-0300 (hora de verano de Chile)
  Parameters in body: {}
Completed: 200 message:  Time response: 2 ms Request ID: [c7dafcec-2108-4834-8b1e-5805187c987c]

Started PUT /api/v1/posts/like/238 for :: ::1 at Sat Mar 09 2024 16:41:53 GMT-0300 (hora de verano de Chile)
  Parameters in body: {}
Completed: 200 message:  Time response: 3 ms Request ID: [b0fd1b0d-6dfd-42f3-a268-5188be923b5d]

Started GET /api/v1/posts for :: ::1 at Sat Mar 09 2024 16:41:53 GMT-0300 (hora de verano de Chile)
  Parameters in body: {}
Completed: 200 message:  Time response: 2 ms Request ID: [bd3abde4-7a26-436d-aaa4-3450fb8a1397]

Started PUT /api/v1/posts/like/238 for :: ::1 at Sat Mar 09 2024 16:41:59 GMT-0300 (hora de verano de Chile)
  Parameters in body: {}
Completed: 200 message:  Time response: 4 ms Request ID: [bb8c1106-5124-4164-bbe8-15fe93ed12e1]

Started GET /api/v1/posts for :: ::1 at Sat Mar 09 2024 16:41:59 GMT-0300 (hora de verano de Chile)
  Parameters in body: {}
Completed: 200 message:  Time response: 2 ms Request ID: [b10dd28b-e36a-4910-b6f2-4e7008c46fca]

Started PUT /api/v1/posts/like/237 for :: ::1 at Sat Mar 09 2024 16:41:59 GMT-0300 (hora de verano de Chile)
  Parameters in body: {}
Completed: 200 message:  Time response: 9 ms Request ID: [05f706a3-47d9-4389-aaa8-be0c80d89871]

Started GET /api/v1/posts for :: ::1 at Sat Mar 09 2024 16:41:59 GMT-0300 (hora de verano de Chile)
  Parameters in body: {}
Completed: 304 message:  Time response: 4 ms Request ID: [4f7c792f-e5f6-46f0-9e31-fe6ac9064e0d]

Started PUT /api/v1/posts/like/237 for :: ::1 at Sat Mar 09 2024 16:42:00 GMT-0300 (hora de verano de Chile)
  Parameters in body: {}
Completed: 200 message:  Time response: 3 ms Request ID: [83be72c9-9651-4f60-be9f-e541fa98707d]

Started GET /api/v1/posts for :: ::1 at Sat Mar 09 2024 16:42:00 GMT-0300 (hora de verano de Chile)
  Parameters in body: {}
Completed: 304 message:  Time response: 2 ms Request ID: [f172f5ba-465f-451d-b872-9e8dab399ad3]

Started PUT /api/v1/posts/like/237 for :: ::1 at Sat Mar 09 2024 16:42:00 GMT-0300 (hora de verano de Chile)
  Parameters in body: {}
Completed: 200 message:  Time response: 9 ms Request ID: [ed58b43e-c213-4a0b-984e-47186c8a115e]

Started GET /api/v1/posts for :: ::1 at Sat Mar 09 2024 16:42:00 GMT-0300 (hora de verano de Chile)
  Parameters in body: {}
Completed: 304 message:  Time response: 2 ms Request ID: [6cbb3f31-bc4d-4664-934a-db703a96d6fe]

Started GET /api/v1/posts for :: ::1 at Sat Mar 09 2024 16:42:12 GMT-0300 (hora de verano de Chile)
  Parameters in body: {}
Completed: 200 message:  Time response: 35 ms Request ID: [3945f578-3cbc-4b38-a273-6d0c08f22ba6]

Started GET /api/v1/posts for :: ::1 at Sat Mar 09 2024 16:42:12 GMT-0300 (hora de verano de Chile)
  Parameters in body: {}
Completed: 304 message:  Time response: 3 ms Request ID: [3c3cea78-ef34-4038-9484-ea2c16c9cad1]

Started POST /api/v1/posts for :: ::1 at Sat Mar 09 2024 16:42:59 GMT-0300 (hora de verano de Chile)
  Parameters in body: {"titulo":"Fabo","img":"https://i.scdn.co/image/ab6761610000e5ebda914b9685ae34855cb640f5","descripcion":"Fabo is an Atlanta born rapper, producer, singer, songwriter, recording artist, philanthropist and entertainer."}
Completed: 201 message:  Time response: 28 ms Request ID: [a1da1069-da9e-420c-b56a-0fb62d619ab3]

Started GET /api/v1/posts for :: ::1 at Sat Mar 09 2024 16:42:59 GMT-0300 (hora de verano de Chile)
  Parameters in body: {}
Completed: 200 message:  Time response: 4 ms Request ID: [d5b9d775-775c-4376-b96c-f7dc1f0d9384]

Started PUT /api/v1/posts/like/239 for :: ::1 at Sat Mar 09 2024 16:43:03 GMT-0300 (hora de verano de Chile)
  Parameters in body: {}
Completed: 200 message:  Time response: 6 ms Request ID: [7b75cf44-a046-41ba-84d3-847d0a366249]

Started GET /api/v1/posts for :: ::1 at Sat Mar 09 2024 16:43:03 GMT-0300 (hora de verano de Chile)
  Parameters in body: {}
Completed: 200 message:  Time response: 2 ms Request ID: [bafc480a-434d-4f07-917e-445293cbeee0]

Started DELETE /api/v1/posts/239 for :: ::1 at Sat Mar 09 2024 16:56:59 GMT-0300 (hora de verano de Chile)
  Parameters in body: {}
Completed: 200 message:  Time response: 30 ms Request ID: [c7de7eb0-2cfc-434f-a742-52e1ae522f4d]

Started GET /api/v1/posts for :: ::1 at Sat Mar 09 2024 16:56:59 GMT-0300 (hora de verano de Chile)
  Parameters in body: {}
Completed: 200 message:  Time response: 3 ms Request ID: [558966f2-bb21-46a6-ad2b-39d34ecca3f5]

Started POST /api/v1/posts for :: ::1 at Sat Mar 09 2024 17:01:08 GMT-0300 (hora de verano de Chile)
  Parameters in body: {"titulo":"","img":"","descripcion":""}
Completed: 201 message:  Time response: 30 ms Request ID: [7ece8d11-ce5a-4d0d-8752-4221426aa75e]

Started GET /api/v1/posts for :: ::1 at Sat Mar 09 2024 17:01:08 GMT-0300 (hora de verano de Chile)
  Parameters in body: {}
Completed: 200 message:  Time response: 3 ms Request ID: [117efca6-ca7c-4419-a2fb-3367cb3a6a64]

Started DELETE /api/v1/posts/240 for :: ::1 at Sat Mar 09 2024 17:01:09 GMT-0300 (hora de verano de Chile)
  Parameters in body: {}
Completed: 200 message:  Time response: 4 ms Request ID: [dcdbdff9-8265-425a-9ca6-617cb129ffbe]

Started GET /api/v1/posts for :: ::1 at Sat Mar 09 2024 17:01:09 GMT-0300 (hora de verano de Chile)
  Parameters in body: {}
Completed: 200 message:  Time response: 3 ms Request ID: [26198388-df2f-4e58-b59a-1fbb552f161d]

Started POST /api/v1/posts for :: ::1 at Sat Mar 09 2024 17:07:09 GMT-0300 (hora de verano de Chile)
  Parameters in body: {"titulo":"","img":"","descripcion":""}
Completed: 201 message:  Time response: 28 ms Request ID: [40fa551a-64e7-469b-b4d7-c6b718185db0]

Started GET /api/v1/posts for :: ::1 at Sat Mar 09 2024 17:07:09 GMT-0300 (hora de verano de Chile)
  Parameters in body: {}
Completed: 200 message:  Time response: 3 ms Request ID: [6e21450b-dc6e-4c98-a4e3-535f423fbf61]

Started POST /api/v1/posts for :: ::1 at Sat Mar 09 2024 17:07:10 GMT-0300 (hora de verano de Chile)
  Parameters in body: {"titulo":"","img":"","descripcion":""}
Completed: 201 message:  Time response: 3 ms Request ID: [91817023-1c5b-482f-9400-59b02a18c05e]

Started GET /api/v1/posts for :: ::1 at Sat Mar 09 2024 17:07:10 GMT-0300 (hora de verano de Chile)
  Parameters in body: {}
Completed: 200 message:  Time response: 2 ms Request ID: [ab508ee3-9cf6-4794-9c16-c71f0b7d639a]

Started DELETE /api/v1/posts/241 for :: ::1 at Sat Mar 09 2024 17:07:11 GMT-0300 (hora de verano de Chile)
  Parameters in body: {}
Completed: 200 message:  Time response: 2 ms Request ID: [28dcc08e-19ea-4e41-b427-7d9eb6d96107]

Started GET /api/v1/posts for :: ::1 at Sat Mar 09 2024 17:07:11 GMT-0300 (hora de verano de Chile)
  Parameters in body: {}
Completed: 200 message:  Time response: 2 ms Request ID: [fc6761a0-ba79-4b6b-a0fa-011b593188f8]

Started DELETE /api/v1/posts/242 for :: ::1 at Sat Mar 09 2024 17:07:12 GMT-0300 (hora de verano de Chile)
  Parameters in body: {}
Completed: 200 message:  Time response: 3 ms Request ID: [ff089431-88f8-4568-b6df-7081d92d636c]

Started GET /api/v1/posts for :: ::1 at Sat Mar 09 2024 17:07:12 GMT-0300 (hora de verano de Chile)
  Parameters in body: {}
Completed: 200 message:  Time response: 1 ms Request ID: [5488b265-93a9-493a-a47c-3af9f4389e21]

Started POST /api/v1/posts for :: ::1 at Sat Mar 09 2024 17:32:16 GMT-0300 (hora de verano de Chile)
  Parameters in body: {"titulo":"","img":"","descripcion":""}
Completed: 201 message:  Time response: 33 ms Request ID: [4eb1d9f0-777d-45ff-9c99-0e170530da94]

Started GET /api/v1/posts for :: ::1 at Sat Mar 09 2024 17:32:16 GMT-0300 (hora de verano de Chile)
  Parameters in body: {}
Completed: 200 message:  Time response: 2 ms Request ID: [74f93f13-3896-42f0-bc93-888e84ff0be5]

Started DELETE /api/v1/posts/243 for :: ::1 at Sat Mar 09 2024 17:32:18 GMT-0300 (hora de verano de Chile)
  Parameters in body: {}
Completed: 200 message:  Time response: 4 ms Request ID: [3b5efe2a-bc4b-4a66-9b45-cc80a17d642f]

Started GET /api/v1/posts for :: ::1 at Sat Mar 09 2024 17:32:18 GMT-0300 (hora de verano de Chile)
  Parameters in body: {}
Completed: 200 message:  Time response: 2 ms Request ID: [a08f4416-460d-4b78-8701-9ba1ad641153]

Started POST /api/v1/posts for :: ::1 at Sat Mar 09 2024 17:32:22 GMT-0300 (hora de verano de Chile)
  Parameters in body: {"titulo":"","img":"","descripcion":""}
Completed: 201 message:  Time response: 9 ms Request ID: [2855655f-6f80-47e7-86a9-5429f069f2eb]

Started GET /api/v1/posts for :: ::1 at Sat Mar 09 2024 17:32:22 GMT-0300 (hora de verano de Chile)
  Parameters in body: {}
Completed: 200 message:  Time response: 3 ms Request ID: [bf9351f6-d918-4018-b518-f8b94c911e66]

Started DELETE /api/v1/posts/244 for :: ::1 at Sat Mar 09 2024 17:32:24 GMT-0300 (hora de verano de Chile)
  Parameters in body: {}
Completed: 200 message:  Time response: 9 ms Request ID: [b26651ba-3759-4453-b4cf-ea53cadf591e]

Started GET /api/v1/posts for :: ::1 at Sat Mar 09 2024 17:32:24 GMT-0300 (hora de verano de Chile)
  Parameters in body: {}
Completed: 200 message:  Time response: 3 ms Request ID: [17092e50-73f2-4d61-94bc-fac14fa40477]

Started POST /api/v1/posts for :: ::1 at Sat Mar 09 2024 17:34:05 GMT-0300 (hora de verano de Chile)
  Parameters in body: {"titulo":"","img":"","descripcion":""}
Completed: 201 message:  Time response: 5 ms Request ID: [92367074-e195-46b4-b6b7-a0a8060d360f]

Started GET /api/v1/posts for :: ::1 at Sat Mar 09 2024 17:34:05 GMT-0300 (hora de verano de Chile)
  Parameters in body: {}
Completed: 200 message:  Time response: 3 ms Request ID: [84a08c0d-0e5d-4795-9cd5-f75a8d2fd45f]

Started POST /posts for :: ::ffff:127.0.0.1 at Sat Mar 09 2024 17:36:55 GMT-0300 (hora de verano de Chile)
  Parameters in body: {"tituo":"titulo","img":"","descripcion":""}
Completed: 404 message:  Time response: 1 ms Request ID: [1353f9b1-08e6-4739-8ff8-e6c526f97750]

Started DELETE /api/v1/posts/245 for :: ::1 at Sat Mar 09 2024 17:37:41 GMT-0300 (hora de verano de Chile)
  Parameters in body: {}
Completed: 200 message:  Time response: 29 ms Request ID: [c8b06de8-6df2-4cbb-a541-f0402cd418a5]

Started GET /api/v1/posts for :: ::1 at Sat Mar 09 2024 17:37:41 GMT-0300 (hora de verano de Chile)
  Parameters in body: {}
Completed: 200 message:  Time response: 2 ms Request ID: [fd229305-b558-4da2-9f36-9dcab4b61f34]

Started POST /posts for :: ::ffff:127.0.0.1 at Sat Mar 09 2024 17:37:44 GMT-0300 (hora de verano de Chile)
  Parameters in body: {"tituo":"titulo","img":"","descripcion":""}
Completed: 404 message:  Time response: 1 ms Request ID: [31903188-26e9-4fa8-b37a-238626710c1f]

Started POST /posts for :: ::ffff:127.0.0.1 at Sat Mar 09 2024 17:38:09 GMT-0300 (hora de verano de Chile)
  Parameters in body: {"tituo":"fabo","img":"fabo","descripcion":"fabo"}
Completed: 404 message:  Time response: 2 ms Request ID: [2a15d393-5b9f-4126-9365-e7ab657f456e]

Started POST /posts for :: ::ffff:127.0.0.1 at Sat Mar 09 2024 17:38:25 GMT-0300 (hora de verano de Chile)
  Parameters in body: {"titulo":"fabo","img":"fabo","descripcion":"fabo"}
Completed: 404 message:  Time response: 1 ms Request ID: [5eda8b42-adc0-4e14-ab8b-5c4265b7f8b1]

Started POST /posts for :: ::ffff:127.0.0.1 at Sat Mar 09 2024 17:39:11 GMT-0300 (hora de verano de Chile)
  Parameters in body: {"titulo":"fabo","img":"fabo","descripcion":"fabo"}
Completed: 404 message:  Time response: 1 ms Request ID: [73f8b667-c213-4f9f-8e8c-42cfaba2b71b]

Started GET /api/v1/posts for :: ::1 at Sat Mar 09 2024 17:39:30 GMT-0300 (hora de verano de Chile)
  Parameters in body: {}
Completed: 304 message:  Time response: 33 ms Request ID: [962c2036-18e8-4f50-9ac0-7668e164cc28]

Started GET /api/v1/posts for :: ::1 at Sat Mar 09 2024 17:39:30 GMT-0300 (hora de verano de Chile)
  Parameters in body: {}
Completed: 304 message:  Time response: 2 ms Request ID: [f7778a0e-8040-490c-a4c9-9d7a5e25c4ea]

Started POST /api/v1/posts for :: ::1 at Sat Mar 09 2024 17:39:42 GMT-0300 (hora de verano de Chile)
  Parameters in body: {"titulo":"","img":"","descripcion":""}
Completed: 201 message:  Time response: 28 ms Request ID: [36a5d8e2-ef92-477e-a393-a6c2d8038824]

Started GET /api/v1/posts for :: ::1 at Sat Mar 09 2024 17:39:42 GMT-0300 (hora de verano de Chile)
  Parameters in body: {}
Completed: 200 message:  Time response: 2 ms Request ID: [34e8dcc3-4d32-437c-8356-03206ced088e]

Started POST /posts for :: ::ffff:127.0.0.1 at Sat Mar 09 2024 17:39:51 GMT-0300 (hora de verano de Chile)
  Parameters in body: {"titulo":"fabo","img":"fabo","descripcion":"fabo"}
Completed: 404 message:  Time response: 1 ms Request ID: [597983d9-d712-4a76-b7f0-1c116bc91ca1]

Started POST //api/v1/posts for :: ::ffff:127.0.0.1 at Sat Mar 09 2024 17:40:27 GMT-0300 (hora de verano de Chile)
  Parameters in body: {"titulo":"fabo","img":"fabo","descripcion":"fabo"}
Completed: 404 message:  Time response: 1 ms Request ID: [5177add0-0454-4ac2-9558-2221226996cf]

Started POST /api/v1/posts for :: ::1 at Sat Mar 09 2024 17:40:34 GMT-0300 (hora de verano de Chile)
  Parameters in body: {"titulo":"","img":"","descripcion":""}
Completed: 201 message:  Time response: 25 ms Request ID: [b0e3b956-b68a-4cc5-9542-9da6372493a1]

Started GET /api/v1/posts for :: ::1 at Sat Mar 09 2024 17:40:34 GMT-0300 (hora de verano de Chile)
  Parameters in body: {}
Completed: 200 message:  Time response: 2 ms Request ID: [c744c0bd-7903-4ee3-8012-c3af15889b7c]

Started POST /api/v1/posts for :: ::ffff:127.0.0.1 at Sat Mar 09 2024 17:40:44 GMT-0300 (hora de verano de Chile)
  Parameters in body: {"titulo":"fabo","img":"fabo","descripcion":"fabo"}
Completed: 201 message:  Time response: 28 ms Request ID: [9e460ed9-63e6-4cba-a05b-1de378a91ce3]

Started GET /api/v1/posts for :: ::1 at Sat Mar 09 2024 17:40:47 GMT-0300 (hora de verano de Chile)
  Parameters in body: {}
Completed: 200 message:  Time response: 4 ms Request ID: [c13ade32-e971-4d7e-aeca-dacdc6c41cd4]

Started GET /api/v1/posts for :: ::1 at Sat Mar 09 2024 17:40:47 GMT-0300 (hora de verano de Chile)
  Parameters in body: {}
Completed: 304 message:  Time response: 2 ms Request ID: [43e21c9d-0b7c-4f25-b426-02b095ab1750]

Started PUT /api/v1/posts/like/248 for :: ::1 at Sat Mar 09 2024 17:40:51 GMT-0300 (hora de verano de Chile)
  Parameters in body: {}
Completed: 200 message:  Time response: 3 ms Request ID: [7d368eb9-2deb-4dc1-9cb8-f904533b0446]

Started GET /api/v1/posts for :: ::1 at Sat Mar 09 2024 17:40:51 GMT-0300 (hora de verano de Chile)
  Parameters in body: {}
Completed: 200 message:  Time response: 2 ms Request ID: [66771873-4825-4d3b-b82e-ad640d462734]

Started DELETE /api/v1/posts/248 for :: ::1 at Sat Mar 09 2024 17:40:53 GMT-0300 (hora de verano de Chile)
  Parameters in body: {}
Completed: 200 message:  Time response: 3 ms Request ID: [fca0547d-0b79-4fde-85be-211fcccb4dc9]

Started GET /api/v1/posts for :: ::1 at Sat Mar 09 2024 17:40:53 GMT-0300 (hora de verano de Chile)
  Parameters in body: {}
Completed: 200 message:  Time response: 2 ms Request ID: [70150617-c7d9-4aee-a8c0-12550ed4d1e0]

Started DELETE /api/v1/posts/247 for :: ::1 at Sat Mar 09 2024 17:40:54 GMT-0300 (hora de verano de Chile)
  Parameters in body: {}
Completed: 200 message:  Time response: 3 ms Request ID: [4f61a026-14c3-4984-84dc-66847ed0aa6c]

Started GET /api/v1/posts for :: ::1 at Sat Mar 09 2024 17:40:54 GMT-0300 (hora de verano de Chile)
  Parameters in body: {}
Completed: 200 message:  Time response: 2 ms Request ID: [0c9992bd-f5e9-4a00-92e9-2a7ea48d5827]

Started DELETE /api/v1/posts/246 for :: ::1 at Sat Mar 09 2024 17:40:56 GMT-0300 (hora de verano de Chile)
  Parameters in body: {}
Completed: 200 message:  Time response: 3 ms Request ID: [82126c97-762b-4e4f-8321-418e5be470b9]

Started GET /api/v1/posts for :: ::1 at Sat Mar 09 2024 17:40:56 GMT-0300 (hora de verano de Chile)
  Parameters in body: {}
Completed: 200 message:  Time response: 3 ms Request ID: [ec367e5c-c5a2-48e2-b2f1-941c78644160]

Started POST /api/v1/posts for :: ::ffff:127.0.0.1 at Sat Mar 09 2024 18:00:20 GMT-0300 (hora de verano de Chile)
  Parameters in body: {"titul":"fabo","img":"fabo","descripcion":"fabo"}
Completed: 201 message:  Time response: 30 ms Request ID: [83314ee9-20d9-4300-94c9-c6bb00835c5d]

Started GET /api/v1/posts for :: ::1 at Sat Mar 09 2024 18:00:25 GMT-0300 (hora de verano de Chile)
  Parameters in body: {}
Completed: 200 message:  Time response: 3 ms Request ID: [25eabddb-e30b-470f-bc25-8ef782c79f36]

Started GET /api/v1/posts for :: ::1 at Sat Mar 09 2024 18:00:25 GMT-0300 (hora de verano de Chile)
  Parameters in body: {}
Completed: 304 message:  Time response: 3 ms Request ID: [ef836398-3d44-40de-9713-f8b35f122f39]

Started POST /api/v1/posts for :: ::ffff:127.0.0.1 at Sat Mar 09 2024 18:00:39 GMT-0300 (hora de verano de Chile)
  Parameters in body: {"titul":"fabo","img":"fabo","descripcion":"fabo"}
Completed: 201 message:  Time response: 27 ms Request ID: [3f182da8-b324-46e2-bd26-8a23ef04be39]

Started GET /api/v1/posts for :: ::1 at Sat Mar 09 2024 18:00:41 GMT-0300 (hora de verano de Chile)
  Parameters in body: {}
Started GET /api/v1/posts for :: ::1 at Sat Mar 09 2024 18:00:41 GMT-0300 (hora de verano de Chile)
  Parameters in body: {}
Completed: 200 message:  Time response: 3 ms Request ID: [3bdd5220-60af-4844-82e3-b8a0b8c3d175]

Completed: 304 message:  Time response: 3 ms Request ID: [ab15012e-3f46-471e-adf9-1bc12057a009]

Started DELETE /api/v1/posts/249 for :: ::1 at Sat Mar 09 2024 18:01:03 GMT-0300 (hora de verano de Chile)
  Parameters in body: {}
Completed: 200 message:  Time response: 28 ms Request ID: [0cb2b5aa-b132-4834-a988-0fc0041aa6dc]

Started GET /api/v1/posts for :: ::1 at Sat Mar 09 2024 18:01:03 GMT-0300 (hora de verano de Chile)
  Parameters in body: {}
Completed: 200 message:  Time response: 2 ms Request ID: [24ad9207-8bda-40b5-80cd-49a0536339d3]

Started DELETE /api/v1/posts/250 for :: ::1 at Sat Mar 09 2024 18:01:04 GMT-0300 (hora de verano de Chile)
  Parameters in body: {}
Completed: 200 message:  Time response: 8 ms Request ID: [b56a1f54-3353-40ac-a6e4-8dfa4499357a]

Started GET /api/v1/posts for :: ::1 at Sat Mar 09 2024 18:01:04 GMT-0300 (hora de verano de Chile)
  Parameters in body: {}
Completed: 200 message:  Time response: 2 ms Request ID: [85244c9a-fe17-43d7-a4d1-569f2ff70ebc]

Started POST /api/v1/posts for :: ::1 at Sat Mar 09 2024 18:01:38 GMT-0300 (hora de verano de Chile)
  Parameters in body: {"titulo":"","img":"","descripcion":""}
Completed: 201 message:  Time response: 148 ms Request ID: [b983cf37-bff6-40f8-859a-9d88cac25a9f]

Started GET /api/v1/posts for :: ::1 at Sat Mar 09 2024 18:01:39 GMT-0300 (hora de verano de Chile)
  Parameters in body: {}
Completed: 200 message:  Time response: 6 ms Request ID: [7ce5b5e4-af36-4b71-94fb-b40d4eaea6f3]

Started PUT /api/v1/posts/like/251 for :: ::1 at Sat Mar 09 2024 18:01:40 GMT-0300 (hora de verano de Chile)
  Parameters in body: {}
Completed: 200 message:  Time response: 6 ms Request ID: [c710ce8f-fa55-48b9-80a2-f4aa5bb9c2fb]

Started GET /api/v1/posts for :: ::1 at Sat Mar 09 2024 18:01:40 GMT-0300 (hora de verano de Chile)
  Parameters in body: {}
Completed: 200 message:  Time response: 3 ms Request ID: [eadb3d8c-b3da-461d-91bc-4d7e0cc240ca]

Started DELETE /api/v1/posts/251 for :: ::1 at Sat Mar 09 2024 18:01:41 GMT-0300 (hora de verano de Chile)
  Parameters in body: {}
Completed: 200 message:  Time response: 9 ms Request ID: [9514d046-3e7c-474f-b839-172cd0243f71]

Started GET /api/v1/posts for :: ::1 at Sat Mar 09 2024 18:01:41 GMT-0300 (hora de verano de Chile)
  Parameters in body: {}
Completed: 200 message:  Time response: 3 ms Request ID: [e6b63f98-5b32-4530-b2bf-a4bbf27fc6e2]

Started GET /api/v1/posts for :: ::ffff:127.0.0.1 at Sat Mar 09 2024 18:11:47 GMT-0300 (hora de verano de Chile)
  Parameters in body: {"titul":"fabo","img":"fabo","descripcion":"fabo"}
Completed: 200 message:  Time response: 30 ms Request ID: [7adbd8c9-85db-4b54-b85c-526eb09e7cca]

Started GET /api/v1/post for :: ::ffff:127.0.0.1 at Sat Mar 09 2024 18:11:52 GMT-0300 (hora de verano de Chile)
  Parameters in body: {"titul":"fabo","img":"fabo","descripcion":"fabo"}
Completed: 404 message:  Time response: 3 ms Request ID: [83214b7f-ec6f-4ce3-a308-67d0e4e10615]

Started POST /api/v1/posts for :: ::1 at Sat Mar 09 2024 19:28:39 GMT-0300 (hora de verano de Chile)
  Parameters in body: {"titulo":"","img":"","descripcion":""}
Started POST /api/v1/posts for :: ::1 at Sat Mar 09 2024 19:28:39 GMT-0300 (hora de verano de Chile)
  Parameters in body: {"titulo":"","img":"","descripcion":""}
Started POST /api/v1/posts for :: ::1 at Sat Mar 09 2024 19:29:19 GMT-0300 (hora de verano de Chile)
  Parameters in body: {"titulo":"","img":"","descripcion":""}
Started POST /api/v1/posts for :: ::1 at Sat Mar 09 2024 19:29:36 GMT-0300 (hora de verano de Chile)
  Parameters in body: {"titulo":"","img":"","descripcion":""}
Completed: 500 message:  Time response: 3 ms Request ID: [e4afd33d-d5b9-4e6e-83c7-cda171300a60]

Started POST /api/v1/posts for :: ::1 at Sat Mar 09 2024 19:30:11 GMT-0300 (hora de verano de Chile)
  Parameters in body: {"titulo":"","img":"","descripcion":""}
Completed: 500 message:  Time response: 2 ms Request ID: [1044d0e3-3dd5-4daf-b0ee-fbc0a9304b7b]

Started POST /api/v1/posts for :: ::1 at Sat Mar 09 2024 19:30:43 GMT-0300 (hora de verano de Chile)
  Parameters in body: {"titulo":"","img":"","descripcion":""}
Completed: 500 message:  Time response: 3 ms Request ID: [8520757a-da27-416d-9e9b-b3de24efb162]

Started POST /api/v1/posts for :: ::1 at Sat Mar 09 2024 19:30:55 GMT-0300 (hora de verano de Chile)
  Parameters in body: {"titulo":"","img":"","descripcion":""}
Completed: 500 message:  Time response: 4 ms Request ID: [18d9040b-e118-4ea2-805e-ecac8b2593a4]

Started POST /api/v1/posts for :: ::1 at Sat Mar 09 2024 19:31:04 GMT-0300 (hora de verano de Chile)
  Parameters in body: {"titulo":"","img":"","descripcion":""}
Started POST /api/v1/posts for :: ::1 at Sat Mar 09 2024 19:31:24 GMT-0300 (hora de verano de Chile)
  Parameters in body: {"titulo":"","img":"","descripcion":""}
Completed: 500 message:  Time response: 3 ms Request ID: [40fac697-37fe-4c81-b33b-b677c249042d]

Started POST /api/v1/posts for :: ::1 at Sat Mar 09 2024 19:31:41 GMT-0300 (hora de verano de Chile)
  Parameters in body: {"titulo":"","img":"","descripcion":""}
Completed: 500 message:  Time response: 3 ms Request ID: [a6a3901a-2557-451e-8bb8-9c1856592001]

Started POST /api/v1/posts for :: ::1 at Sat Mar 09 2024 19:32:31 GMT-0300 (hora de verano de Chile)
  Parameters in body: {"titulo":"","img":"","descripcion":""}
Completed: 500 message:  Time response: 4 ms Request ID: [a81482d3-9781-406c-8595-4821f66ec36f]

Started POST /api/v1/posts for :: ::1 at Sat Mar 09 2024 19:32:54 GMT-0300 (hora de verano de Chile)
  Parameters in body: {"titulo":"","img":"","descripcion":""}
Completed: 201 message:  Time response: 6 ms Request ID: [2438d96e-c2e1-4804-9822-1ebd919511b8]

Started GET /api/v1/posts for :: ::1 at Sat Mar 09 2024 19:32:54 GMT-0300 (hora de verano de Chile)
  Parameters in body: {}
Completed: 200 message:  Time response: 2 ms Request ID: [d9f734da-197f-4fc3-93d6-88f4865ffb91]

Started PUT /api/v1/posts/like/252 for :: ::1 at Sat Mar 09 2024 19:32:56 GMT-0300 (hora de verano de Chile)
  Parameters in body: {}
Completed: 200 message:  Time response: 4 ms Request ID: [ee3948ad-cd39-4e33-98fd-64543ec670c1]

Started GET /api/v1/posts for :: ::1 at Sat Mar 09 2024 19:32:56 GMT-0300 (hora de verano de Chile)
  Parameters in body: {}
Completed: 200 message:  Time response: 2 ms Request ID: [6cda4d7d-d4c0-4b7c-8116-ef2bf669cdcc]

Started DELETE /api/v1/posts/252 for :: ::1 at Sat Mar 09 2024 19:32:57 GMT-0300 (hora de verano de Chile)
  Parameters in body: {}
Completed: 200 message:  Time response: 3 ms Request ID: [2cbde284-86bf-413a-860d-39e4656128b8]

Started GET /api/v1/posts for :: ::1 at Sat Mar 09 2024 19:32:57 GMT-0300 (hora de verano de Chile)
  Parameters in body: {}
Completed: 200 message:  Time response: 2 ms Request ID: [7025bcec-88a0-48db-b071-21e2eda9e7c0]
